<?xml version="1.0" encoding="UTF-8"?>
<!-- Generated by org.testng.reporters.JUnitReportReporter -->
<testsuite hostname="Roberto-MBP" name="com.chainmeans.poc.swf.service.jpa.NexusServiceImplTest" tests="4" failures="0" timestamp="14 Apr 2013 07:20:31 GMT" time="0.209" errors="0">
  <testcase name="save" time="0.026" classname="com.chainmeans.poc.swf.service.jpa.NexusServiceImplTest"/>
  <testcase name="findByIdWithDetail" time="0.009" classname="com.chainmeans.poc.swf.service.jpa.NexusServiceImplTest"/>
  <testcase name="findAll" time="0.169" classname="com.chainmeans.poc.swf.service.jpa.NexusServiceImplTest"/>
  <testcase name="findById" time="0.005" classname="com.chainmeans.poc.swf.service.jpa.NexusServiceImplTest"/>
</testsuite> <!-- com.chainmeans.poc.swf.service.jpa.NexusServiceImplTest -->
