<?xml version="1.0" encoding="UTF-8"?>
<!-- Generated by org.testng.reporters.JUnitReportReporter -->
<testsuite hostname="Roberto-MBP" name="com.chainmeans.poc.swf.service.jpa.HabitServiceImplTest" tests="1" failures="0" timestamp="13 Apr 2013 04:51:08 GMT" time="0.074" errors="0">
  <testcase name="findAll" time="0.074" classname="com.chainmeans.poc.swf.service.jpa.HabitServiceImplTest"/>
</testsuite> <!-- com.chainmeans.poc.swf.service.jpa.HabitServiceImplTest -->
